<?xml version="1.0" encoding="UTF-8"?>
<!-- Generated by org.testng.reporters.JUnitReportReporter -->
<testsuite hostname="Pritam" failures="0" tests="2" name="testCases.TC01_AccountRegistrationTest" time="5.425" errors="0" timestamp="2025-03-07T01:20:44 IST" skipped="0">
  <testcase classname="testCases.TC01_AccountRegistrationTest" name="ValidateRegisteration" time="2.429"/>
  <system-out/>
  <testcase classname="testCases.TC01_AccountRegistrationTest" name="ValidateRegisteration" time="2.996"/>
  <system-out/>
</testsuite> <!-- testCases.TC01_AccountRegistrationTest -->
