<?xml version="1.0" encoding="UTF-8"?>
<!-- Generated by org.testng.reporters.JUnitReportReporter -->
<testsuite hostname="Pritam" failures="0" tests="1" name="testCases.TC03_LoginDDT" time="1.965" errors="0" timestamp="2025-03-04T15:59:17 IST" skipped="0">
  <testcase classname="testCases.TC03_LoginDDT" name="validate_LoginDTT" time="1.965"/>
  <system-out/>
</testsuite> <!-- testCases.TC03_LoginDDT -->
