<?xml version="1.0" encoding="UTF-8"?>
<!-- Generated by org.testng.reporters.JUnitReportReporter -->
<testsuite hostname="Pritam" failures="0" tests="2" name="testCases.TC02_LoginTest" time="3.644" errors="0" timestamp="2025-03-07T01:20:44 IST" skipped="0">
  <testcase classname="testCases.TC02_LoginTest" name="LoginValidation" time="1.727"/>
  <system-out/>
  <testcase classname="testCases.TC02_LoginTest" name="LoginValidation" time="1.917"/>
  <system-out/>
</testsuite> <!-- testCases.TC02_LoginTest -->
