<?xml version="1.0" encoding="UTF-8"?>
<!-- Generated by org.testng.reporters.JUnitReportReporter -->
<testsuite hostname="Pritam" failures="0" tests="1" name="testCases.TC_Registration" time="5.835" errors="0" timestamp="2025-02-21T21:40:48 IST" skipped="0">
  <testcase classname="testCases.TC_Registration" name="ValidateRegisteration" time="5.835"/>
  <system-out/>
</testsuite> <!-- testCases.TC_Registration -->
