<?xml version="1.0" encoding="UTF-8"?>
<!-- Generated by org.testng.reporters.JUnitReportReporter -->
<testsuite hostname="Pritam" failures="0" tests="1" name="testCases.TC01_AccountRegistrationTest" time="2.182" errors="0" timestamp="2025-03-07T11:35:35 IST" skipped="0">
  <testcase classname="testCases.TC01_AccountRegistrationTest" name="ValidateRegisteration" time="2.182"/>
</testsuite> <!-- testCases.TC01_AccountRegistrationTest -->
