<?xml version="1.0" encoding="UTF-8"?>
<!-- Generated by org.testng.reporters.JUnitReportReporter -->
<testsuite hostname="Pritam" failures="0" tests="1" name="testCases.TC02_LoginTest" time="2.114" errors="0" timestamp="2025-03-07T22:34:51 IST" skipped="0">
  <testcase classname="testCases.TC02_LoginTest" name="LoginValidation" time="2.114"/>
</testsuite> <!-- testCases.TC02_LoginTest -->
