<?xml version="1.0" encoding="UTF-8"?>
<!-- Generated by org.testng.reporters.JUnitReportReporter -->
<testsuite hostname="Pritam" failures="0" tests="1" name="testCases.TC01_AccountRegistrationTest" time="4.496" errors="0" timestamp="2025-03-07T22:34:51 IST" skipped="0">
  <testcase classname="testCases.TC01_AccountRegistrationTest" name="ValidateRegisteration" time="4.496"/>
</testsuite> <!-- testCases.TC01_AccountRegistrationTest -->
